mode: set
github.com/Messmania/Repositories/Distributed/assgn3/myRaft.go:30.28,32.2 1 0
github.com/Messmania/Repositories/Distributed/assgn3/myRaft.go:33.32,35.2 1 0
github.com/Messmania/Repositories/Distributed/assgn3/myRaft.go:36.35,38.2 1 1
github.com/Messmania/Repositories/Distributed/assgn3/myRaft.go:91.54,98.2 4 1
github.com/Messmania/Repositories/Distributed/assgn3/myRaft.go:187.42,194.2 2 1
github.com/Messmania/Repositories/Distributed/assgn3/myRaft.go:196.38,199.24 2 1
github.com/Messmania/Repositories/Distributed/assgn3/myRaft.go:203.2,203.85 1 1
github.com/Messmania/Repositories/Distributed/assgn3/myRaft.go:200.2,201.26 1 1
github.com/Messmania/Repositories/Distributed/assgn3/myRaft.go:203.85,205.3 1 1
github.com/Messmania/Repositories/Distributed/assgn3/myRaft.go:205.3,207.3 1 1
github.com/Messmania/Repositories/Distributed/assgn3/myRaft.go:210.55,212.58 1 1
github.com/Messmania/Repositories/Distributed/assgn3/myRaft.go:212.58,214.34 1 1
github.com/Messmania/Repositories/Distributed/assgn3/myRaft.go:214.34,216.26 1 1
github.com/Messmania/Repositories/Distributed/assgn3/myRaft.go:216.26,221.5 1 1
github.com/Messmania/Repositories/Distributed/assgn3/myRaft.go:228.43,230.33 1 1
github.com/Messmania/Repositories/Distributed/assgn3/myRaft.go:230.33,232.25 1 1
github.com/Messmania/Repositories/Distributed/assgn3/myRaft.go:232.25,235.4 1 1
github.com/Messmania/Repositories/Distributed/assgn3/myRaft.go:241.42,248.6 3 1
github.com/Messmania/Repositories/Distributed/assgn3/myRaft.go:248.6,250.21 2 1
github.com/Messmania/Repositories/Distributed/assgn3/myRaft.go:251.3,253.64 2 1
github.com/Messmania/Repositories/Distributed/assgn3/myRaft.go:254.3,260.33 4 1
github.com/Messmania/Repositories/Distributed/assgn3/myRaft.go:261.3,268.36 6 1
github.com/Messmania/Repositories/Distributed/assgn3/myRaft.go:272.3,275.20 2 1
github.com/Messmania/Repositories/Distributed/assgn3/myRaft.go:281.32,294.6 4 1
github.com/Messmania/Repositories/Distributed/assgn3/myRaft.go:294.6,307.7 7 1
github.com/Messmania/Repositories/Distributed/assgn3/myRaft.go:307.7,309.22 2 1
github.com/Messmania/Repositories/Distributed/assgn3/myRaft.go:310.4,313.29 2 1
github.com/Messmania/Repositories/Distributed/assgn3/myRaft.go:320.5,322.30 2 1
github.com/Messmania/Repositories/Distributed/assgn3/myRaft.go:329.4,338.38 6 1
github.com/Messmania/Repositories/Distributed/assgn3/myRaft.go:358.4,361.10 3 0
github.com/Messmania/Repositories/Distributed/assgn3/myRaft.go:313.29,319.6 1 1
github.com/Messmania/Repositories/Distributed/assgn3/myRaft.go:322.30,327.6 3 1
github.com/Messmania/Repositories/Distributed/assgn3/myRaft.go:338.38,342.27 4 0
github.com/Messmania/Repositories/Distributed/assgn3/myRaft.go:348.6,348.100 1 0
github.com/Messmania/Repositories/Distributed/assgn3/myRaft.go:351.6,352.21 2 0
github.com/Messmania/Repositories/Distributed/assgn3/myRaft.go:342.27,345.7 1 0
github.com/Messmania/Repositories/Distributed/assgn3/myRaft.go:345.7,347.7 1 0
github.com/Messmania/Repositories/Distributed/assgn3/myRaft.go:348.100,350.7 1 0
github.com/Messmania/Repositories/Distributed/assgn3/myRaft.go:353.6,357.6 1 1
github.com/Messmania/Repositories/Distributed/assgn3/myRaft.go:370.29,386.6 9 1
github.com/Messmania/Repositories/Distributed/assgn3/myRaft.go:386.6,389.21 2 1
github.com/Messmania/Repositories/Distributed/assgn3/myRaft.go:390.3,399.21 6 1
github.com/Messmania/Repositories/Distributed/assgn3/myRaft.go:402.3,406.33 3 1
github.com/Messmania/Repositories/Distributed/assgn3/myRaft.go:413.4,413.29 1 1
github.com/Messmania/Repositories/Distributed/assgn3/myRaft.go:421.3,423.36 2 1
github.com/Messmania/Repositories/Distributed/assgn3/myRaft.go:435.3,437.31 2 1
github.com/Messmania/Repositories/Distributed/assgn3/myRaft.go:444.4,444.35 1 1
github.com/Messmania/Repositories/Distributed/assgn3/myRaft.go:406.33,409.5 2 1
github.com/Messmania/Repositories/Distributed/assgn3/myRaft.go:413.29,415.27 2 1
github.com/Messmania/Repositories/Distributed/assgn3/myRaft.go:415.27,417.6 1 1
github.com/Messmania/Repositories/Distributed/assgn3/myRaft.go:423.36,429.5 4 0
github.com/Messmania/Repositories/Distributed/assgn3/myRaft.go:429.5,433.5 2 1
github.com/Messmania/Repositories/Distributed/assgn3/myRaft.go:437.31,440.5 2 1
github.com/Messmania/Repositories/Distributed/assgn3/myRaft.go:444.35,452.5 3 1
github.com/Messmania/Repositories/Distributed/assgn3/myRaft.go:458.135,471.22 4 1
github.com/Messmania/Repositories/Distributed/assgn3/myRaft.go:497.2,497.22 1 1
github.com/Messmania/Repositories/Distributed/assgn3/myRaft.go:501.2,501.11 1 1
github.com/Messmania/Repositories/Distributed/assgn3/myRaft.go:471.22,474.53 3 1
github.com/Messmania/Repositories/Distributed/assgn3/myRaft.go:474.53,478.4 1 1
github.com/Messmania/Repositories/Distributed/assgn3/myRaft.go:480.3,483.36 1 1
github.com/Messmania/Repositories/Distributed/assgn3/myRaft.go:483.36,489.4 4 1
github.com/Messmania/Repositories/Distributed/assgn3/myRaft.go:489.4,493.4 2 1
github.com/Messmania/Repositories/Distributed/assgn3/myRaft.go:497.22,500.3 1 1
github.com/Messmania/Repositories/Distributed/assgn3/myRaft.go:503.53,505.35 1 1
github.com/Messmania/Repositories/Distributed/assgn3/myRaft.go:505.35,512.58 3 1
github.com/Messmania/Repositories/Distributed/assgn3/myRaft.go:512.58,515.35 1 1
github.com/Messmania/Repositories/Distributed/assgn3/myRaft.go:515.35,527.5 7 1
github.com/Messmania/Repositories/Distributed/assgn3/myRaft.go:535.39,541.34 3 1
github.com/Messmania/Repositories/Distributed/assgn3/myRaft.go:544.2,544.43 1 1
github.com/Messmania/Repositories/Distributed/assgn3/myRaft.go:541.34,543.3 1 1
github.com/Messmania/Repositories/Distributed/assgn3/myRaft.go:550.47,563.23 7 1
github.com/Messmania/Repositories/Distributed/assgn3/myRaft.go:575.2,576.22 2 1
github.com/Messmania/Repositories/Distributed/assgn3/myRaft.go:563.23,566.3 1 1
github.com/Messmania/Repositories/Distributed/assgn3/myRaft.go:566.3,566.29 1 1
github.com/Messmania/Repositories/Distributed/assgn3/myRaft.go:566.29,568.3 1 1
github.com/Messmania/Repositories/Distributed/assgn3/myRaft.go:580.63,586.27 5 1
github.com/Messmania/Repositories/Distributed/assgn3/myRaft.go:593.2,595.23 3 1
github.com/Messmania/Repositories/Distributed/assgn3/myRaft.go:602.2,604.58 3 1
github.com/Messmania/Repositories/Distributed/assgn3/myRaft.go:612.2,612.20 1 1
github.com/Messmania/Repositories/Distributed/assgn3/myRaft.go:586.27,588.3 1 1
github.com/Messmania/Repositories/Distributed/assgn3/myRaft.go:588.3,590.3 1 0
github.com/Messmania/Repositories/Distributed/assgn3/myRaft.go:595.23,597.3 1 1
github.com/Messmania/Repositories/Distributed/assgn3/myRaft.go:597.3,597.29 1 1
github.com/Messmania/Repositories/Distributed/assgn3/myRaft.go:597.29,599.3 1 1
github.com/Messmania/Repositories/Distributed/assgn3/myRaft.go:604.58,605.17 1 1
github.com/Messmania/Repositories/Distributed/assgn3/myRaft.go:605.17,607.4 1 0
github.com/Messmania/Repositories/Distributed/assgn3/myRaft.go:607.4,609.4 1 1
github.com/Messmania/Repositories/Distributed/assgn3/myRaft.go:616.58,622.22 4 1
github.com/Messmania/Repositories/Distributed/assgn3/myRaft.go:629.2,631.8 2 1
github.com/Messmania/Repositories/Distributed/assgn3/myRaft.go:622.22,625.3 1 1
github.com/Messmania/Repositories/Distributed/assgn3/myRaft.go:625.3,627.3 1 1
github.com/Messmania/Repositories/Distributed/assgn3/myRaft.go:636.108,648.35 8 1
github.com/Messmania/Repositories/Distributed/assgn3/myRaft.go:690.2,696.44 3 1
github.com/Messmania/Repositories/Distributed/assgn3/myRaft.go:648.35,653.24 4 1
github.com/Messmania/Repositories/Distributed/assgn3/myRaft.go:659.3,659.74 1 1
github.com/Messmania/Repositories/Distributed/assgn3/myRaft.go:653.24,655.4 1 1
github.com/Messmania/Repositories/Distributed/assgn3/myRaft.go:655.4,657.4 1 1
github.com/Messmania/Repositories/Distributed/assgn3/myRaft.go:659.74,665.4 2 1
github.com/Messmania/Repositories/Distributed/assgn3/myRaft.go:665.4,666.84 1 1
github.com/Messmania/Repositories/Distributed/assgn3/myRaft.go:666.84,672.5 3 1
github.com/Messmania/Repositories/Distributed/assgn3/myRaft.go:672.5,678.86 1 1
github.com/Messmania/Repositories/Distributed/assgn3/myRaft.go:678.86,685.6 4 1
github.com/Messmania/Repositories/Distributed/assgn3/myRaft.go:701.56,707.37 4 1
github.com/Messmania/Repositories/Distributed/assgn3/myRaft.go:718.2,725.29 2 1
github.com/Messmania/Repositories/Distributed/assgn3/myRaft.go:707.37,715.3 4 1
github.com/Messmania/Repositories/Distributed/assgn3/myRaft.go:715.3,717.3 1 1
github.com/Messmania/Repositories/Distributed/assgn3/myRaft.go:728.32,731.17 2 1
github.com/Messmania/Repositories/Distributed/assgn3/myRaft.go:738.2,741.15 4 1
github.com/Messmania/Repositories/Distributed/assgn3/myRaft.go:731.17,733.3 1 0
github.com/Messmania/Repositories/Distributed/assgn3/myRaft.go:744.33,747.17 2 1
github.com/Messmania/Repositories/Distributed/assgn3/myRaft.go:751.2,758.16 4 1
github.com/Messmania/Repositories/Distributed/assgn3/myRaft.go:747.17,749.3 1 0
github.com/Messmania/Repositories/Distributed/assgn3/myRaft.go:761.63,766.2 1 1
github.com/Messmania/Repositories/Distributed/assgn3/myRaft.go:768.58,772.2 1 1
github.com/Messmania/Repositories/Distributed/assgn3/myRaft.go:774.29,775.35 1 1
github.com/Messmania/Repositories/Distributed/assgn3/myRaft.go:775.35,777.3 1 1
github.com/Messmania/Repositories/Distributed/assgn3/myRaft.go:781.93,782.35 1 1
github.com/Messmania/Repositories/Distributed/assgn3/myRaft.go:816.2,816.30 1 1
github.com/Messmania/Repositories/Distributed/assgn3/myRaft.go:782.35,783.25 1 1
github.com/Messmania/Repositories/Distributed/assgn3/myRaft.go:783.25,790.22 5 1
github.com/Messmania/Repositories/Distributed/assgn3/myRaft.go:809.4,812.47 4 1
github.com/Messmania/Repositories/Distributed/assgn3/myRaft.go:790.22,795.23 4 1
github.com/Messmania/Repositories/Distributed/assgn3/myRaft.go:795.23,797.6 1 1
github.com/Messmania/Repositories/Distributed/assgn3/myRaft.go:797.6,799.6 1 1
github.com/Messmania/Repositories/Distributed/assgn3/myRaft.go:801.5,807.5 4 1
github.com/Messmania/Repositories/Distributed/assgn3/myRaft.go:821.46,825.23 3 1
github.com/Messmania/Repositories/Distributed/assgn3/myRaft.go:834.2,835.19 2 1
github.com/Messmania/Repositories/Distributed/assgn3/myRaft.go:825.23,829.3 1 1
github.com/Messmania/Repositories/Distributed/assgn3/myRaft.go:829.3,832.3 1 1
github.com/Messmania/Repositories/Distributed/assgn3/myRaft.go:839.80,842.45 2 1
github.com/Messmania/Repositories/Distributed/assgn3/myRaft.go:845.2,845.8 1 1
github.com/Messmania/Repositories/Distributed/assgn3/myRaft.go:842.45,844.3 1 1
github.com/Messmania/Repositories/Distributed/assgn3/myRaft.go:849.40,851.2 1 1
github.com/Messmania/Repositories/Distributed/assgn3/myRaft.go:853.35,856.33 2 1
github.com/Messmania/Repositories/Distributed/assgn3/myRaft.go:862.2,862.8 1 1
github.com/Messmania/Repositories/Distributed/assgn3/myRaft.go:856.33,857.25 1 1
github.com/Messmania/Repositories/Distributed/assgn3/myRaft.go:857.25,859.4 1 1
github.com/Messmania/Repositories/Distributed/assgn3/myRaft.go:866.37,868.2 1 0
github.com/Messmania/Repositories/Distributed/assgn3/myRaft.go:871.45,872.35 1 1
github.com/Messmania/Repositories/Distributed/assgn3/myRaft.go:878.2,878.8 1 1
github.com/Messmania/Repositories/Distributed/assgn3/myRaft.go:872.35,873.27 1 1
github.com/Messmania/Repositories/Distributed/assgn3/myRaft.go:873.27,875.4 1 1
github.com/Messmania/Repositories/Distributed/assgn3/myRaft.go:882.30,884.2 1 0
github.com/Messmania/Repositories/Distributed/assgn3/myRaft.go:886.22,891.2 4 1
github.com/Messmania/Repositories/Distributed/assgn3/myRaft.go:893.23,897.2 3 1
github.com/Messmania/Repositories/Distributed/assgn3/myRaft.go:899.29,904.2 4 1
github.com/Messmania/Repositories/Distributed/assgn3/myRaft.go:906.30,910.2 3 1
github.com/Messmania/Repositories/Distributed/assgn3/myRaft.go:913.58,916.16 2 1
github.com/Messmania/Repositories/Distributed/assgn3/myRaft.go:916.16,918.3 0 0
github.com/Messmania/Repositories/Distributed/assgn3/myRaft.go:918.3,920.3 1 1
github.com/Messmania/Repositories/Distributed/assgn3/KVStore.go:21.66,24.16 3 1
github.com/Messmania/Repositories/Distributed/assgn3/KVStore.go:24.16,28.3 2 0
github.com/Messmania/Repositories/Distributed/assgn3/KVStore.go:28.3,32.3 1 1
github.com/Messmania/Repositories/Distributed/assgn3/KVStore.go:35.108,46.33 8 1
github.com/Messmania/Repositories/Distributed/assgn3/KVStore.go:61.2,74.21 7 1
github.com/Messmania/Repositories/Distributed/assgn3/KVStore.go:46.33,47.13 1 1
github.com/Messmania/Repositories/Distributed/assgn3/KVStore.go:52.3,52.32 1 1
github.com/Messmania/Repositories/Distributed/assgn3/KVStore.go:56.3,57.24 2 1
github.com/Messmania/Repositories/Distributed/assgn3/KVStore.go:47.13,50.4 1 1
github.com/Messmania/Repositories/Distributed/assgn3/KVStore.go:52.32,55.4 1 1
github.com/Messmania/Repositories/Distributed/assgn3/KVStore.go:77.26,78.16 1 0
github.com/Messmania/Repositories/Distributed/assgn3/KVStore.go:78.16,81.3 1 0
github.com/Messmania/Repositories/Distributed/assgn3/KVStore.go:87.38,89.6 2 1
github.com/Messmania/Repositories/Distributed/assgn3/KVStore.go:89.6,93.16 1 1
github.com/Messmania/Repositories/Distributed/assgn3/KVStore.go:94.3,96.31 1 1
github.com/Messmania/Repositories/Distributed/assgn3/KVStore.go:97.3,99.25 1 1
github.com/Messmania/Repositories/Distributed/assgn3/KVStore.go:100.3,102.22 1 1
github.com/Messmania/Repositories/Distributed/assgn3/KVStore.go:103.3,104.10 1 0
github.com/Messmania/Repositories/Distributed/assgn3/KVStore.go:109.86,117.19 4 1
github.com/Messmania/Repositories/Distributed/assgn3/KVStore.go:123.2,125.20 2 1
github.com/Messmania/Repositories/Distributed/assgn3/KVStore.go:132.2,132.38 1 1
github.com/Messmania/Repositories/Distributed/assgn3/KVStore.go:117.19,120.3 2 0
github.com/Messmania/Repositories/Distributed/assgn3/KVStore.go:120.3,122.3 1 1
github.com/Messmania/Repositories/Distributed/assgn3/KVStore.go:125.20,128.3 2 0
github.com/Messmania/Repositories/Distributed/assgn3/KVStore.go:128.3,130.3 1 1
